e:\c# 程序\notepad\imageprocessor\x64\debug\vc120.pdb
e:\c# 程序\notepad\imageprocessor\x64\debug\showwidget.obj
e:\c# 程序\notepad\imageprocessor\x64\debug\main.obj
e:\c# 程序\notepad\imageprocessor\x64\debug\imgprocessor.obj
e:\c# 程序\notepad\imageprocessor\x64\debug\moc_showwidget.obj
e:\c# 程序\notepad\imageprocessor\x64\debug\moc_imgprocessor.obj
e:\c# 程序\notepad\imageprocessor\debug\moc_imgprocessor.cpp
e:\c# 程序\notepad\imageprocessor\debug\moc_showwidget.cpp
e:\c# 程序\notepad\imageprocessor\debug\imageprocessor.ilk
e:\c# 程序\notepad\imageprocessor\debug\imageprocessor.exe
e:\c# 程序\notepad\imageprocessor\debug\imageprocessor.pdb
e:\c# 程序\notepad\imageprocessor\x64\debug\imageprocessor.tlog\cl.command.1.tlog
e:\c# 程序\notepad\imageprocessor\x64\debug\imageprocessor.tlog\cl.read.1.tlog
e:\c# 程序\notepad\imageprocessor\x64\debug\imageprocessor.tlog\cl.write.1.tlog
e:\c# 程序\notepad\imageprocessor\x64\debug\imageprocessor.tlog\custombuild.command.1.tlog
e:\c# 程序\notepad\imageprocessor\x64\debug\imageprocessor.tlog\custombuild.read.1.tlog
e:\c# 程序\notepad\imageprocessor\x64\debug\imageprocessor.tlog\custombuild.write.1.tlog
e:\c# 程序\notepad\imageprocessor\x64\debug\imageprocessor.tlog\link.command.1.tlog
e:\c# 程序\notepad\imageprocessor\x64\debug\imageprocessor.tlog\link.read.1.tlog
e:\c# 程序\notepad\imageprocessor\x64\debug\imageprocessor.tlog\link.write.1.tlog
